{"ts": "2026-05-14T21:35:40", "level": "INFO", "logger": "daemon.main", "msg": "CIDAS daemon starting on 127.0.0.1:7355"}
{"ts": "2026-05-14T21:35:40", "level": "INFO", "logger": "daemon.database", "msg": "SQLite cache ready (schema v3) at .cidas_cache.db"}
INFO:     127.0.0.1:54211 - "GET /api/v1/health HTTP/1.1" 200 OK
{"ts": "2026-05-14T21:36:21", "level": "INFO", "logger": "daemon.router", "msg": "scan: totally-fake@latest (ai_suggested=False)"}
{"ts": "2026-05-14T21:36:21", "level": "INFO", "logger": "httpx", "msg": "HTTP Request: GET https://registry.npmjs.org/totally-fake \"HTTP/1.1 200 OK\""}
{"ts": "2026-05-14T21:36:22", "level": "INFO", "logger": "httpx", "msg": "HTTP Request: GET https://registry.npmjs.org/totally-fake \"HTTP/1.1 200 OK\""}
INFO:     127.0.0.1:55110 - "POST /api/v1/scan HTTP/1.1" 200 OK
{"ts": "2026-05-14T21:36:37", "level": "INFO", "logger": "daemon.router", "msg": "scan: totally-fake@latest (ai_suggested=False)"}
{"ts": "2026-05-14T21:36:37", "level": "INFO", "logger": "httpx", "msg": "HTTP Request: GET https://registry.npmjs.org/totally-fake \"HTTP/1.1 200 OK\""}
{"ts": "2026-05-14T21:36:37", "level": "INFO", "logger": "httpx", "msg": "HTTP Request: GET https://registry.npmjs.org/totally-fake \"HTTP/1.1 200 OK\""}
INFO:     127.0.0.1:60098 - "POST /api/v1/scan HTTP/1.1" 200 OK
{"ts": "2026-05-14T21:39:06", "level": "INFO", "logger": "daemon.router", "msg": "scan: fake-aiiii@latest (ai_suggested=False)"}
{"ts": "2026-05-14T21:39:07", "level": "INFO", "logger": "httpx", "msg": "HTTP Request: GET https://registry.npmjs.org/fake-aiiii \"HTTP/1.1 404 Not Found\""}
{"ts": "2026-05-14T21:39:07", "level": "INFO", "logger": "httpx", "msg": "HTTP Request: GET https://registry.npmjs.org/fake-aiiii \"HTTP/1.1 404 Not Found\""}
{"ts": "2026-05-14T21:39:12", "level": "INFO", "logger": "daemon.utils.embeddings", "msg": "Loading embedding model: all-MiniLM-L6-v2"}
{"ts": "2026-05-14T21:39:12", "level": "INFO", "logger": "sentence_transformers.base.model", "msg": "No device provided, using cpu"}
{"ts": "2026-05-14T21:39:12", "level": "INFO", "logger": "httpx", "msg": "HTTP Request: HEAD https://huggingface.co/sentence-transformers/all-MiniLM-L6-v2/resolve/main/modules.json \"HTTP/1.1 307 Temporary Redirect\""}
{"ts": "2026-05-14T21:39:13", "level": "INFO", "logger": "httpx", "msg": "HTTP Request: HEAD https://huggingface.co/api/resolve-cache/models/sentence-transformers/all-MiniLM-L6-v2/c9745ed1d9f207416be6d2e6f8de32d1f16199bf/modules.json \"HTTP/1.1 200 OK\""}
{"ts": "2026-05-14T21:39:13", "level": "INFO", "logger": "httpx", "msg": "HTTP Request: HEAD https://huggingface.co/sentence-transformers/all-MiniLM-L6-v2/resolve/main/config_sentence_transformers.json \"HTTP/1.1 307 Temporary Redirect\""}
{"ts": "2026-05-14T21:39:13", "level": "INFO", "logger": "httpx", "msg": "HTTP Request: HEAD https://huggingface.co/api/resolve-cache/models/sentence-transformers/all-MiniLM-L6-v2/c9745ed1d9f207416be6d2e6f8de32d1f16199bf/config_sentence_transformers.json \"HTTP/1.1 200 OK\""}
{"ts": "2026-05-14T21:39:13", "level": "INFO", "logger": "sentence_transformers.base.model", "msg": "Loading SentenceTransformer model from sentence-transformers/all-MiniLM-L6-v2."}
{"ts": "2026-05-14T21:39:13", "level": "INFO", "logger": "httpx", "msg": "HTTP Request: HEAD https://huggingface.co/sentence-transformers/all-MiniLM-L6-v2/resolve/main/config_sentence_transformers.json \"HTTP/1.1 307 Temporary Redirect\""}
{"ts": "2026-05-14T21:39:13", "level": "WARNING", "logger": "huggingface_hub.utils._http", "msg": "Warning: You are sending unauthenticated requests to the HF Hub. Please set a HF_TOKEN to enable higher rate limits and faster downloads."}
{"ts": "2026-05-14T21:39:13", "level": "INFO", "logger": "httpx", "msg": "HTTP Request: HEAD https://huggingface.co/api/resolve-cache/models/sentence-transformers/all-MiniLM-L6-v2/c9745ed1d9f207416be6d2e6f8de32d1f16199bf/config_sentence_transformers.json \"HTTP/1.1 200 OK\""}
{"ts": "2026-05-14T21:39:13", "level": "INFO", "logger": "httpx", "msg": "HTTP Request: HEAD https://huggingface.co/sentence-transformers/all-MiniLM-L6-v2/resolve/main/README.md \"HTTP/1.1 307 Temporary Redirect\""}
{"ts": "2026-05-14T21:39:13", "level": "INFO", "logger": "httpx", "msg": "HTTP Request: HEAD https://huggingface.co/api/resolve-cache/models/sentence-transformers/all-MiniLM-L6-v2/c9745ed1d9f207416be6d2e6f8de32d1f16199bf/README.md \"HTTP/1.1 200 OK\""}
{"ts": "2026-05-14T21:39:14", "level": "INFO", "logger": "httpx", "msg": "HTTP Request: HEAD https://huggingface.co/sentence-transformers/all-MiniLM-L6-v2/resolve/main/modules.json \"HTTP/1.1 307 Temporary Redirect\""}
{"ts": "2026-05-14T21:39:14", "level": "INFO", "logger": "httpx", "msg": "HTTP Request: HEAD https://huggingface.co/api/resolve-cache/models/sentence-transformers/all-MiniLM-L6-v2/c9745ed1d9f207416be6d2e6f8de32d1f16199bf/modules.json \"HTTP/1.1 200 OK\""}
{"ts": "2026-05-14T21:39:14", "level": "INFO", "logger": "httpx", "msg": "HTTP Request: HEAD https://huggingface.co/sentence-transformers/all-MiniLM-L6-v2/resolve/main/sentence_bert_config.json \"HTTP/1.1 307 Temporary Redirect\""}
{"ts": "2026-05-14T21:39:14", "level": "INFO", "logger": "httpx", "msg": "HTTP Request: HEAD https://huggingface.co/api/resolve-cache/models/sentence-transformers/all-MiniLM-L6-v2/c9745ed1d9f207416be6d2e6f8de32d1f16199bf/sentence_bert_config.json \"HTTP/1.1 200 OK\""}
{"ts": "2026-05-14T21:39:14", "level": "INFO", "logger": "httpx", "msg": "HTTP Request: HEAD https://huggingface.co/sentence-transformers/all-MiniLM-L6-v2/resolve/main/adapter_config.json \"HTTP/1.1 404 Not Found\""}
{"ts": "2026-05-14T21:39:15", "level": "INFO", "logger": "httpx", "msg": "HTTP Request: HEAD https://huggingface.co/sentence-transformers/all-MiniLM-L6-v2/resolve/main/config.json \"HTTP/1.1 307 Temporary Redirect\""}
{"ts": "2026-05-14T21:39:15", "level": "INFO", "logger": "httpx", "msg": "HTTP Request: HEAD https://huggingface.co/api/resolve-cache/models/sentence-transformers/all-MiniLM-L6-v2/c9745ed1d9f207416be6d2e6f8de32d1f16199bf/config.json \"HTTP/1.1 200 OK\""}
{"ts": "2026-05-14T21:39:15", "level": "INFO", "logger": "httpx", "msg": "HTTP Request: HEAD https://huggingface.co/sentence-transformers/all-MiniLM-L6-v2/resolve/main/processor_config.json \"HTTP/1.1 404 Not Found\""}
{"ts": "2026-05-14T21:39:15", "level": "INFO", "logger": "httpx", "msg": "HTTP Request: HEAD https://huggingface.co/sentence-transformers/all-MiniLM-L6-v2/resolve/main/preprocessor_config.json \"HTTP/1.1 404 Not Found\""}
{"ts": "2026-05-14T21:39:16", "level": "INFO", "logger": "httpx", "msg": "HTTP Request: HEAD https://huggingface.co/sentence-transformers/all-MiniLM-L6-v2/resolve/main/video_preprocessor_config.json \"HTTP/1.1 404 Not Found\""}
{"ts": "2026-05-14T21:39:16", "level": "INFO", "logger": "httpx", "msg": "HTTP Request: HEAD https://huggingface.co/sentence-transformers/all-MiniLM-L6-v2/resolve/main/preprocessor_config.json \"HTTP/1.1 404 Not Found\""}
{"ts": "2026-05-14T21:39:16", "level": "INFO", "logger": "httpx", "msg": "HTTP Request: HEAD https://huggingface.co/sentence-transformers/all-MiniLM-L6-v2/resolve/main/tokenizer_config.json \"HTTP/1.1 307 Temporary Redirect\""}
{"ts": "2026-05-14T21:39:16", "level": "INFO", "logger": "httpx", "msg": "HTTP Request: HEAD https://huggingface.co/api/resolve-cache/models/sentence-transformers/all-MiniLM-L6-v2/c9745ed1d9f207416be6d2e6f8de32d1f16199bf/tokenizer_config.json \"HTTP/1.1 200 OK\""}
{"ts": "2026-05-14T21:39:16", "level": "INFO", "logger": "httpx", "msg": "HTTP Request: HEAD https://huggingface.co/sentence-transformers/all-MiniLM-L6-v2/resolve/main/config.json \"HTTP/1.1 307 Temporary Redirect\""}
{"ts": "2026-05-14T21:39:16", "level": "INFO", "logger": "httpx", "msg": "HTTP Request: HEAD https://huggingface.co/api/resolve-cache/models/sentence-transformers/all-MiniLM-L6-v2/c9745ed1d9f207416be6d2e6f8de32d1f16199bf/config.json \"HTTP/1.1 200 OK\""}
{"ts": "2026-05-14T21:39:17", "level": "INFO", "logger": "httpx", "msg": "HTTP Request: HEAD https://huggingface.co/sentence-transformers/all-MiniLM-L6-v2/resolve/main/config.json \"HTTP/1.1 307 Temporary Redirect\""}
{"ts": "2026-05-14T21:39:17", "level": "INFO", "logger": "httpx", "msg": "HTTP Request: HEAD https://huggingface.co/api/resolve-cache/models/sentence-transformers/all-MiniLM-L6-v2/c9745ed1d9f207416be6d2e6f8de32d1f16199bf/config.json \"HTTP/1.1 200 OK\""}
{"ts": "2026-05-14T21:39:17", "level": "INFO", "logger": "httpx", "msg": "HTTP Request: HEAD https://huggingface.co/sentence-transformers/all-MiniLM-L6-v2/resolve/main/tokenizer_config.json \"HTTP/1.1 307 Temporary Redirect\""}
{"ts": "2026-05-14T21:39:17", "level": "INFO", "logger": "httpx", "msg": "HTTP Request: HEAD https://huggingface.co/api/resolve-cache/models/sentence-transformers/all-MiniLM-L6-v2/c9745ed1d9f207416be6d2e6f8de32d1f16199bf/tokenizer_config.json \"HTTP/1.1 200 OK\""}
{"ts": "2026-05-14T21:39:17", "level": "INFO", "logger": "httpx", "msg": "HTTP Request: GET https://huggingface.co/api/models/sentence-transformers/all-MiniLM-L6-v2/tree/main/additional_chat_templates?recursive=false&expand=false \"HTTP/1.1 404 Not Found\""}
{"ts": "2026-05-14T21:39:18", "level": "INFO", "logger": "httpx", "msg": "HTTP Request: GET https://huggingface.co/api/models/sentence-transformers/all-MiniLM-L6-v2/tree/main?recursive=true&expand=false \"HTTP/1.1 200 OK\""}
{"ts": "2026-05-14T21:39:18", "level": "INFO", "logger": "httpx", "msg": "HTTP Request: HEAD https://huggingface.co/sentence-transformers/all-MiniLM-L6-v2/resolve/main/1_Pooling/config.json \"HTTP/1.1 307 Temporary Redirect\""}
{"ts": "2026-05-14T21:39:18", "level": "INFO", "logger": "httpx", "msg": "HTTP Request: HEAD https://huggingface.co/api/resolve-cache/models/sentence-transformers/all-MiniLM-L6-v2/c9745ed1d9f207416be6d2e6f8de32d1f16199bf/1_Pooling%2Fconfig.json \"HTTP/1.1 200 OK\""}
{"ts": "2026-05-14T21:39:18", "level": "INFO", "logger": "httpx", "msg": "HTTP Request: GET https://huggingface.co/api/models/sentence-transformers/all-MiniLM-L6-v2 \"HTTP/1.1 200 OK\""}
{"ts": "2026-05-14T21:39:18", "level": "INFO", "logger": "daemon.utils.embeddings", "msg": "Model loaded in 6.3 s"}
{"ts": "2026-05-14T21:39:19", "level": "INFO", "logger": "httpx", "msg": "HTTP Request: GET https://registry.npmjs.org/fake-aiiii \"HTTP/1.1 404 Not Found\""}
{"ts": "2026-05-14T21:39:19", "level": "INFO", "logger": "httpx", "msg": "HTTP Request: GET https://registry.npmjs.org/fake-aiiii \"HTTP/1.1 404 Not Found\""}
{"ts": "2026-05-14T21:39:19", "level": "INFO", "logger": "httpx", "msg": "HTTP Request: GET https://registry.npmjs.org/fake-aiiii \"HTTP/1.1 404 Not Found\""}
{"ts": "2026-05-14T21:39:19", "level": "INFO", "logger": "daemon.router", "msg": "result: decision=BLOCK score=80.0 package=fake-aiiii"}
INFO:     127.0.0.1:58721 - "POST /api/v1/scan HTTP/1.1" 200 OK
INFO:     127.0.0.1:51097 - "GET /docs HTTP/1.1" 200 OK
INFO:     127.0.0.1:51097 - "GET /openapi.json HTTP/1.1" 200 OK
